<?xml version="1.0" encoding="UTF-8"?>
<testng-results ignored="0" total="4" passed="4" failed="0" skipped="0">
  <reporter-output>
  </reporter-output>
  <suite started-at="2024-04-26T20:14:46 IST" name="Default suite" finished-at="2024-04-26T20:14:46 IST" duration-ms="42">
    <groups>
    </groups>
    <test started-at="2024-04-26T20:14:46 IST" name="Default test" finished-at="2024-04-26T20:14:46 IST" duration-ms="42">
      <class name="FrameWork.TestNgEx">
        <test-method signature="createContact()[pri:0, instance:FrameWork.TestNgEx@384ad17b]" started-at="2024-04-26T20:14:46 IST" name="createContact" finished-at="2024-04-26T20:14:46 IST" duration-ms="7" status="PASS">
          <reporter-output>
          </reporter-output>
        </test-method> <!-- createContact -->
        <test-method signature="deleteContact()[pri:0, instance:FrameWork.TestNgEx@384ad17b]" started-at="2024-04-26T20:14:46 IST" name="deleteContact" finished-at="2024-04-26T20:14:46 IST" duration-ms="1" status="PASS">
          <reporter-output>
          </reporter-output>
        </test-method> <!-- deleteContact -->
        <test-method signature="modifyContact()[pri:0, instance:FrameWork.TestNgEx@384ad17b]" started-at="2024-04-26T20:14:46 IST" name="modifyContact" finished-at="2024-04-26T20:14:46 IST" duration-ms="1" status="PASS">
          <reporter-output>
          </reporter-output>
        </test-method> <!-- modifyContact -->
        <test-method signature="modifyContact()[pri:0, instance:FrameWork.TestNgEx@384ad17b]" started-at="2024-04-26T20:14:46 IST" name="modifyContact" finished-at="2024-04-26T20:14:46 IST" duration-ms="0" status="PASS">
          <reporter-output>
          </reporter-output>
        </test-method> <!-- modifyContact -->
      </class> <!-- FrameWork.TestNgEx -->
    </test> <!-- Default test -->
  </suite> <!-- Default suite -->
</testng-results>
